{"total": {"lines":{"total":1917,"covered":442,"skipped":0,"pct":23.05},"statements":{"total":1917,"covered":442,"skipped":0,"pct":23.05},"functions":{"total":54,"covered":24,"skipped":0,"pct":44.44},"branches":{"total":68,"covered":53,"skipped":0,"pct":77.94},"branchesTrue":{"total":0,"covered":0,"skipped":0,"pct":100}}
,"/Users/carlo/Desktop/Projects/xentri/services/core-api/src/server.ts": {"lines":{"total":58,"covered":0,"skipped":0,"pct":0},"functions":{"total":1,"covered":0,"skipped":0,"pct":0},"statements":{"total":58,"covered":0,"skipped":0,"pct":0},"branches":{"total":1,"covered":0,"skipped":0,"pct":0}}
,"/Users/carlo/Desktop/Projects/xentri/services/core-api/src/domain/briefs/BriefService.ts": {"lines":{"total":160,"covered":15,"skipped":0,"pct":9.37},"functions":{"total":7,"covered":2,"skipped":0,"pct":28.57},"statements":{"total":160,"covered":15,"skipped":0,"pct":9.37},"branches":{"total":2,"covered":2,"skipped":0,"pct":100}}
,"/Users/carlo/Desktop/Projects/xentri/services/core-api/src/domain/briefs/index.ts": {"lines":{"total":1,"covered":0,"skipped":0,"pct":0},"functions":{"total":1,"covered":0,"skipped":0,"pct":0},"statements":{"total":1,"covered":0,"skipped":0,"pct":0},"branches":{"total":1,"covered":0,"skipped":0,"pct":0}}
,"/Users/carlo/Desktop/Projects/xentri/services/core-api/src/domain/events/EventService.ts": {"lines":{"total":132,"covered":13,"skipped":0,"pct":9.84},"functions":{"total":4,"covered":2,"skipped":0,"pct":50},"statements":{"total":132,"covered":13,"skipped":0,"pct":9.84},"branches":{"total":2,"covered":2,"skipped":0,"pct":100}}
,"/Users/carlo/Desktop/Projects/xentri/services/core-api/src/domain/orgs/OrgProvisioningService.ts": {"lines":{"total":121,"covered":14,"skipped":0,"pct":11.57},"functions":{"total":6,"covered":2,"skipped":0,"pct":33.33},"statements":{"total":121,"covered":14,"skipped":0,"pct":11.57},"branches":{"total":2,"covered":2,"skipped":0,"pct":100}}
,"/Users/carlo/Desktop/Projects/xentri/services/core-api/src/infra/clerk.ts": {"lines":{"total":10,"covered":0,"skipped":0,"pct":0},"functions":{"total":1,"covered":0,"skipped":0,"pct":0},"statements":{"total":10,"covered":0,"skipped":0,"pct":0},"branches":{"total":1,"covered":0,"skipped":0,"pct":0}}
,"/Users/carlo/Desktop/Projects/xentri/services/core-api/src/infra/db.ts": {"lines":{"total":46,"covered":27,"skipped":0,"pct":58.69},"functions":{"total":5,"covered":2,"skipped":0,"pct":40},"statements":{"total":46,"covered":27,"skipped":0,"pct":58.69},"branches":{"total":3,"covered":2,"skipped":0,"pct":66.66}}
,"/Users/carlo/Desktop/Projects/xentri/services/core-api/src/lib/logger.ts": {"lines":{"total":94,"covered":68,"skipped":0,"pct":72.34},"functions":{"total":5,"covered":4,"skipped":0,"pct":80},"statements":{"total":94,"covered":68,"skipped":0,"pct":72.34},"branches":{"total":11,"covered":10,"skipped":0,"pct":90.9}}
,"/Users/carlo/Desktop/Projects/xentri/services/core-api/src/lib/sentry.ts": {"lines":{"total":130,"covered":0,"skipped":0,"pct":0},"functions":{"total":1,"covered":1,"skipped":0,"pct":100},"statements":{"total":130,"covered":0,"skipped":0,"pct":0},"branches":{"total":1,"covered":1,"skipped":0,"pct":100}}
,"/Users/carlo/Desktop/Projects/xentri/services/core-api/src/middleware/clerkAuth.ts": {"lines":{"total":87,"covered":71,"skipped":0,"pct":81.6},"functions":{"total":6,"covered":3,"skipped":0,"pct":50},"statements":{"total":87,"covered":71,"skipped":0,"pct":81.6},"branches":{"total":11,"covered":10,"skipped":0,"pct":90.9}}
,"/Users/carlo/Desktop/Projects/xentri/services/core-api/src/middleware/orgContext.ts": {"lines":{"total":197,"covered":27,"skipped":0,"pct":13.7},"functions":{"total":5,"covered":1,"skipped":0,"pct":20},"statements":{"total":197,"covered":27,"skipped":0,"pct":13.7},"branches":{"total":2,"covered":1,"skipped":0,"pct":50}}
,"/Users/carlo/Desktop/Projects/xentri/services/core-api/src/middleware/tracing.ts": {"lines":{"total":54,"covered":0,"skipped":0,"pct":0},"functions":{"total":1,"covered":1,"skipped":0,"pct":100},"statements":{"total":54,"covered":0,"skipped":0,"pct":0},"branches":{"total":1,"covered":1,"skipped":0,"pct":100}}
,"/Users/carlo/Desktop/Projects/xentri/services/core-api/src/routes/briefs.ts": {"lines":{"total":140,"covered":7,"skipped":0,"pct":5},"functions":{"total":1,"covered":0,"skipped":0,"pct":0},"statements":{"total":140,"covered":7,"skipped":0,"pct":5},"branches":{"total":0,"covered":0,"skipped":0,"pct":100}}
,"/Users/carlo/Desktop/Projects/xentri/services/core-api/src/routes/events.ts": {"lines":{"total":128,"covered":7,"skipped":0,"pct":5.46},"functions":{"total":1,"covered":0,"skipped":0,"pct":0},"statements":{"total":128,"covered":7,"skipped":0,"pct":5.46},"branches":{"total":0,"covered":0,"skipped":0,"pct":100}}
,"/Users/carlo/Desktop/Projects/xentri/services/core-api/src/routes/health.ts": {"lines":{"total":27,"covered":0,"skipped":0,"pct":0},"functions":{"total":1,"covered":1,"skipped":0,"pct":100},"statements":{"total":27,"covered":0,"skipped":0,"pct":0},"branches":{"total":1,"covered":1,"skipped":0,"pct":100}}
,"/Users/carlo/Desktop/Projects/xentri/services/core-api/src/routes/orgs.ts": {"lines":{"total":127,"covered":4,"skipped":0,"pct":3.14},"functions":{"total":3,"covered":0,"skipped":0,"pct":0},"statements":{"total":127,"covered":4,"skipped":0,"pct":3.14},"branches":{"total":0,"covered":0,"skipped":0,"pct":100}}
,"/Users/carlo/Desktop/Projects/xentri/services/core-api/src/routes/users.ts": {"lines":{"total":201,"covered":0,"skipped":0,"pct":0},"functions":{"total":1,"covered":1,"skipped":0,"pct":100},"statements":{"total":201,"covered":0,"skipped":0,"pct":0},"branches":{"total":1,"covered":1,"skipped":0,"pct":100}}
,"/Users/carlo/Desktop/Projects/xentri/services/core-api/src/routes/webhooks/clerk.ts": {"lines":{"total":204,"covered":189,"skipped":0,"pct":92.64},"functions":{"total":4,"covered":4,"skipped":0,"pct":100},"statements":{"total":204,"covered":189,"skipped":0,"pct":92.64},"branches":{"total":28,"covered":20,"skipped":0,"pct":71.42}}
}
