{"total": {"lines":{"total":181,"covered":155,"skipped":0,"pct":85.63},"statements":{"total":181,"covered":155,"skipped":0,"pct":85.63},"functions":{"total":11,"covered":10,"skipped":0,"pct":90.9},"branches":{"total":28,"covered":26,"skipped":0,"pct":92.85},"branchesTrue":{"total":0,"covered":0,"skipped":0,"pct":100}}
,"/Users/carlo/Desktop/Projects/xentri/services/core-api/src/lib/logger.ts": {"lines":{"total":94,"covered":68,"skipped":0,"pct":72.34},"functions":{"total":5,"covered":4,"skipped":0,"pct":80},"statements":{"total":94,"covered":68,"skipped":0,"pct":72.34},"branches":{"total":11,"covered":10,"skipped":0,"pct":90.9}}
,"/Users/carlo/Desktop/Projects/xentri/services/core-api/src/middleware/clerkAuth.ts": {"lines":{"total":87,"covered":87,"skipped":0,"pct":100},"functions":{"total":6,"covered":6,"skipped":0,"pct":100},"statements":{"total":87,"covered":87,"skipped":0,"pct":100},"branches":{"total":17,"covered":16,"skipped":0,"pct":94.11}}
}
