{"/Users/carlo/Desktop/Projects/xentri/services/core-api/src/lib/logger.ts": {"path":"/Users/carlo/Desktop/Projects/xentri/services/core-api/src/lib/logger.ts","all":false,"statementMap":{"10":{"start":{"line":11,"column":0},"end":{"line":11,"column":51}},"12":{"start":{"line":13,"column":0},"end":{"line":13,"column":28}},"15":{"start":{"line":16,"column":0},"end":{"line":16,"column":26}},"16":{"start":{"line":17,"column":0},"end":{"line":17,"column":30}},"17":{"start":{"line":18,"column":0},"end":{"line":18,"column":23}},"18":{"start":{"line":19,"column":0},"end":{"line":19,"column":10}},"19":{"start":{"line":20,"column":0},"end":{"line":20,"column":9}},"20":{"start":{"line":21,"column":0},"end":{"line":21,"column":14}},"21":{"start":{"line":22,"column":0},"end":{"line":22,"column":13}},"22":{"start":{"line":23,"column":0},"end":{"line":23,"column":15}},"23":{"start":{"line":24,"column":0},"end":{"line":24,"column":14}},"24":{"start":{"line":25,"column":0},"end":{"line":25,"column":15}},"25":{"start":{"line":26,"column":0},"end":{"line":26,"column":14}},"26":{"start":{"line":27,"column":0},"end":{"line":27,"column":19}},"27":{"start":{"line":28,"column":0},"end":{"line":28,"column":18}},"28":{"start":{"line":29,"column":0},"end":{"line":29,"column":2}},"31":{"start":{"line":32,"column":0},"end":{"line":32,"column":35}},"32":{"start":{"line":33,"column":0},"end":{"line":33,"column":41}},"33":{"start":{"line":34,"column":0},"end":{"line":34,"column":15}},"34":{"start":{"line":35,"column":0},"end":{"line":35,"column":41}},"35":{"start":{"line":36,"column":0},"end":{"line":36,"column":66}},"36":{"start":{"line":37,"column":0},"end":{"line":37,"column":4}},"37":{"start":{"line":38,"column":0},"end":{"line":38,"column":11}},"38":{"start":{"line":39,"column":0},"end":{"line":39,"column":28}},"39":{"start":{"line":40,"column":0},"end":{"line":40,"column":25}},"40":{"start":{"line":41,"column":0},"end":{"line":41,"column":4}},"41":{"start":{"line":42,"column":0},"end":{"line":42,"column":43}},"42":{"start":{"line":43,"column":0},"end":{"line":43,"column":2}},"45":{"start":{"line":46,"column":0},"end":{"line":46,"column":61}},"47":{"start":{"line":48,"column":0},"end":{"line":48,"column":43}},"48":{"start":{"line":49,"column":0},"end":{"line":49,"column":10}},"49":{"start":{"line":50,"column":0},"end":{"line":50,"column":20}},"50":{"start":{"line":51,"column":0},"end":{"line":51,"column":18}},"51":{"start":{"line":52,"column":0},"end":{"line":52,"column":30}},"52":{"start":{"line":53,"column":0},"end":{"line":53,"column":18}},"53":{"start":{"line":54,"column":0},"end":{"line":54,"column":25}},"54":{"start":{"line":55,"column":0},"end":{"line":55,"column":40}},"55":{"start":{"line":56,"column":0},"end":{"line":56,"column":33}},"56":{"start":{"line":57,"column":0},"end":{"line":57,"column":10}},"57":{"start":{"line":58,"column":0},"end":{"line":58,"column":8}},"58":{"start":{"line":59,"column":0},"end":{"line":59,"column":6}},"59":{"start":{"line":60,"column":0},"end":{"line":60,"column":21}},"75":{"start":{"line":76,"column":0},"end":{"line":76,"column":65}},"77":{"start":{"line":78,"column":0},"end":{"line":78,"column":75}},"78":{"start":{"line":79,"column":0},"end":{"line":79,"column":20}},"80":{"start":{"line":81,"column":0},"end":{"line":81,"column":41}},"81":{"start":{"line":82,"column":0},"end":{"line":82,"column":54}},"82":{"start":{"line":83,"column":0},"end":{"line":83,"column":22}},"83":{"start":{"line":84,"column":0},"end":{"line":84,"column":5}},"84":{"start":{"line":85,"column":0},"end":{"line":85,"column":3}},"87":{"start":{"line":88,"column":0},"end":{"line":88,"column":76}},"88":{"start":{"line":89,"column":0},"end":{"line":89,"column":22}},"89":{"start":{"line":90,"column":0},"end":{"line":90,"column":25}},"90":{"start":{"line":91,"column":0},"end":{"line":91,"column":3}},"93":{"start":{"line":94,"column":0},"end":{"line":94,"column":47}},"94":{"start":{"line":95,"column":0},"end":{"line":95,"column":1}},"100":{"start":{"line":101,"column":0},"end":{"line":101,"column":36}},"101":{"start":{"line":102,"column":0},"end":{"line":102,"column":26}},"102":{"start":{"line":103,"column":0},"end":{"line":103,"column":45}},"103":{"start":{"line":104,"column":0},"end":{"line":104,"column":11}},"104":{"start":{"line":105,"column":0},"end":{"line":105,"column":35}},"105":{"start":{"line":106,"column":0},"end":{"line":106,"column":38}},"106":{"start":{"line":107,"column":0},"end":{"line":107,"column":27}},"108":{"start":{"line":109,"column":0},"end":{"line":109,"column":89}},"109":{"start":{"line":110,"column":0},"end":{"line":110,"column":80}},"110":{"start":{"line":111,"column":0},"end":{"line":111,"column":4}},"112":{"start":{"line":113,"column":0},"end":{"line":113,"column":23}},"113":{"start":{"line":114,"column":0},"end":{"line":114,"column":15}},"114":{"start":{"line":115,"column":0},"end":{"line":115,"column":25}},"115":{"start":{"line":116,"column":0},"end":{"line":116,"column":5}},"116":{"start":{"line":117,"column":0},"end":{"line":117,"column":1}},"125":{"start":{"line":126,"column":0},"end":{"line":126,"column":25}},"126":{"start":{"line":127,"column":0},"end":{"line":127,"column":17}},"127":{"start":{"line":128,"column":0},"end":{"line":128,"column":15}},"128":{"start":{"line":129,"column":0},"end":{"line":129,"column":15}},"129":{"start":{"line":130,"column":0},"end":{"line":130,"column":17}},"130":{"start":{"line":131,"column":0},"end":{"line":131,"column":11}},"136":{"start":{"line":137,"column":0},"end":{"line":137,"column":70}},"137":{"start":{"line":138,"column":0},"end":{"line":138,"column":22}},"138":{"start":{"line":139,"column":0},"end":{"line":139,"column":12}},"139":{"start":{"line":140,"column":0},"end":{"line":140,"column":20}},"140":{"start":{"line":141,"column":0},"end":{"line":141,"column":18}},"141":{"start":{"line":142,"column":0},"end":{"line":142,"column":30}},"142":{"start":{"line":143,"column":0},"end":{"line":143,"column":18}},"143":{"start":{"line":144,"column":0},"end":{"line":144,"column":25}},"144":{"start":{"line":145,"column":0},"end":{"line":145,"column":40}},"145":{"start":{"line":146,"column":0},"end":{"line":146,"column":33}},"146":{"start":{"line":147,"column":0},"end":{"line":147,"column":10}},"147":{"start":{"line":148,"column":0},"end":{"line":148,"column":8}},"148":{"start":{"line":149,"column":0},"end":{"line":149,"column":6}},"149":{"start":{"line":150,"column":0},"end":{"line":150,"column":3}},"150":{"start":{"line":151,"column":0},"end":{"line":151,"column":20}},"151":{"start":{"line":152,"column":0},"end":{"line":152,"column":1}},"153":{"start":{"line":154,"column":0},"end":{"line":154,"column":22}}},"s":{"10":1,"12":1,"15":1,"16":1,"17":1,"18":1,"19":1,"20":1,"21":1,"22":1,"23":1,"24":1,"25":1,"26":1,"27":1,"28":1,"31":1,"32":1,"33":1,"34":1,"35":1,"36":1,"37":1,"38":1,"39":1,"40":1,"41":1,"42":1,"45":1,"47":1,"48":0,"49":0,"50":0,"51":0,"52":0,"53":0,"54":0,"55":0,"56":0,"57":0,"58":0,"59":1,"75":1,"77":6,"78":6,"80":2,"81":2,"82":2,"83":2,"84":2,"87":4,"88":6,"89":3,"90":3,"93":1,"94":1,"100":1,"101":2,"102":2,"103":2,"104":2,"105":2,"106":2,"108":2,"109":2,"110":2,"112":2,"113":2,"114":2,"115":2,"116":2,"125":1,"126":1,"127":1,"128":1,"129":1,"130":1,"136":1,"137":0,"138":0,"139":0,"140":0,"141":0,"142":0,"143":0,"144":0,"145":0,"146":0,"147":0,"148":0,"149":0,"150":0,"151":0,"153":1},"branchMap":{"0":{"type":"branch","line":48,"loc":{"start":{"line":48,"column":30},"end":{"line":59,"column":6}},"locations":[{"start":{"line":48,"column":30},"end":{"line":59,"column":6}}]},"1":{"type":"branch","line":35,"loc":{"start":{"line":35,"column":11},"end":{"line":35,"column":41}},"locations":[{"start":{"line":35,"column":11},"end":{"line":35,"column":41}}]},"2":{"type":"branch","line":36,"loc":{"start":{"line":36,"column":14},"end":{"line":36,"column":66}},"locations":[{"start":{"line":36,"column":14},"end":{"line":36,"column":66}}]},"3":{"type":"branch","line":76,"loc":{"start":{"line":76,"column":7},"end":{"line":95,"column":1}},"locations":[{"start":{"line":76,"column":7},"end":{"line":95,"column":1}}]},"4":{"type":"branch","line":79,"loc":{"start":{"line":79,"column":19},"end":{"line":85,"column":3}},"locations":[{"start":{"line":79,"column":19},"end":{"line":85,"column":3}}]},"5":{"type":"branch","line":85,"loc":{"start":{"line":85,"column":2},"end":{"line":89,"column":21}},"locations":[{"start":{"line":85,"column":2},"end":{"line":89,"column":21}}]},"6":{"type":"branch","line":89,"loc":{"start":{"line":89,"column":21},"end":{"line":91,"column":3}},"locations":[{"start":{"line":89,"column":21},"end":{"line":91,"column":3}}]},"7":{"type":"branch","line":91,"loc":{"start":{"line":91,"column":2},"end":{"line":95,"column":1}},"locations":[{"start":{"line":91,"column":2},"end":{"line":95,"column":1}}]},"8":{"type":"branch","line":101,"loc":{"start":{"line":101,"column":7},"end":{"line":117,"column":1}},"locations":[{"start":{"line":101,"column":7},"end":{"line":117,"column":1}}]},"9":{"type":"branch","line":109,"loc":{"start":{"line":109,"column":71},"end":{"line":109,"column":89}},"locations":[{"start":{"line":109,"column":71},"end":{"line":109,"column":89}}]},"10":{"type":"branch","line":110,"loc":{"start":{"line":110,"column":67},"end":{"line":110,"column":80}},"locations":[{"start":{"line":110,"column":67},"end":{"line":110,"column":80}}]}},"b":{"0":[0],"1":[6],"2":[1],"3":[6],"4":[2],"5":[4],"6":[3],"7":[1],"8":[2],"9":[1],"10":[1]},"fnMap":{"0":{"name":"level","decl":{"start":{"line":35,"column":11},"end":{"line":35,"column":41}},"loc":{"start":{"line":35,"column":11},"end":{"line":35,"column":41}},"line":35},"1":{"name":"bindings","decl":{"start":{"line":36,"column":14},"end":{"line":36,"column":66}},"loc":{"start":{"line":36,"column":14},"end":{"line":36,"column":66}},"line":36},"2":{"name":"extractTraceId","decl":{"start":{"line":76,"column":7},"end":{"line":95,"column":1}},"loc":{"start":{"line":76,"column":7},"end":{"line":95,"column":1}},"line":76},"3":{"name":"createRequestLogger","decl":{"start":{"line":101,"column":7},"end":{"line":117,"column":1}},"loc":{"start":{"line":101,"column":7},"end":{"line":117,"column":1}},"line":101},"4":{"name":"createFastifyLoggerConfig","decl":{"start":{"line":137,"column":7},"end":{"line":152,"column":1}},"loc":{"start":{"line":137,"column":7},"end":{"line":152,"column":1}},"line":137}},"f":{"0":6,"1":1,"2":6,"3":2,"4":0}}
,"/Users/carlo/Desktop/Projects/xentri/services/core-api/src/middleware/clerkAuth.ts": {"path":"/Users/carlo/Desktop/Projects/xentri/services/core-api/src/middleware/clerkAuth.ts","all":false,"statementMap":{"1":{"start":{"line":2,"column":0},"end":{"line":2,"column":54}},"2":{"start":{"line":3,"column":0},"end":{"line":3,"column":49}},"37":{"start":{"line":38,"column":0},"end":{"line":38,"column":36}},"38":{"start":{"line":39,"column":0},"end":{"line":39,"column":26}},"39":{"start":{"line":40,"column":0},"end":{"line":40,"column":22}},"40":{"start":{"line":41,"column":0},"end":{"line":41,"column":31}},"41":{"start":{"line":42,"column":0},"end":{"line":42,"column":9}},"42":{"start":{"line":43,"column":0},"end":{"line":43,"column":32}},"44":{"start":{"line":45,"column":0},"end":{"line":45,"column":21}},"45":{"start":{"line":46,"column":0},"end":{"line":46,"column":9}},"46":{"start":{"line":47,"column":0},"end":{"line":47,"column":18}},"47":{"start":{"line":48,"column":0},"end":{"line":48,"column":57}},"48":{"start":{"line":49,"column":0},"end":{"line":49,"column":12}},"49":{"start":{"line":50,"column":0},"end":{"line":50,"column":23}},"50":{"start":{"line":51,"column":0},"end":{"line":51,"column":14}},"51":{"start":{"line":52,"column":0},"end":{"line":52,"column":25}},"52":{"start":{"line":53,"column":0},"end":{"line":53,"column":59}},"53":{"start":{"line":54,"column":0},"end":{"line":54,"column":20}},"54":{"start":{"line":55,"column":0},"end":{"line":55,"column":9}},"55":{"start":{"line":56,"column":0},"end":{"line":56,"column":8}},"56":{"start":{"line":57,"column":0},"end":{"line":57,"column":11}},"57":{"start":{"line":58,"column":0},"end":{"line":58,"column":3}},"60":{"start":{"line":61,"column":0},"end":{"line":61,"column":36}},"61":{"start":{"line":62,"column":0},"end":{"line":62,"column":47}},"62":{"start":{"line":63,"column":0},"end":{"line":63,"column":66}},"65":{"start":{"line":66,"column":0},"end":{"line":66,"column":25}},"66":{"start":{"line":67,"column":0},"end":{"line":67,"column":21}},"67":{"start":{"line":68,"column":0},"end":{"line":68,"column":65}},"68":{"start":{"line":69,"column":0},"end":{"line":69,"column":36}},"69":{"start":{"line":70,"column":0},"end":{"line":70,"column":55}},"70":{"start":{"line":71,"column":0},"end":{"line":71,"column":40}},"71":{"start":{"line":72,"column":0},"end":{"line":72,"column":43}},"72":{"start":{"line":73,"column":0},"end":{"line":73,"column":11}},"73":{"start":{"line":74,"column":0},"end":{"line":74,"column":11}},"74":{"start":{"line":75,"column":0},"end":{"line":75,"column":4}},"76":{"start":{"line":77,"column":0},"end":{"line":77,"column":9}},"77":{"start":{"line":78,"column":0},"end":{"line":78,"column":1}},"87":{"start":{"line":88,"column":0},"end":{"line":88,"column":34}},"88":{"start":{"line":89,"column":0},"end":{"line":89,"column":26}},"89":{"start":{"line":90,"column":0},"end":{"line":90,"column":22}},"90":{"start":{"line":91,"column":0},"end":{"line":91,"column":31}},"91":{"start":{"line":92,"column":0},"end":{"line":92,"column":9}},"92":{"start":{"line":93,"column":0},"end":{"line":93,"column":28}},"93":{"start":{"line":94,"column":0},"end":{"line":94,"column":9}},"94":{"start":{"line":95,"column":0},"end":{"line":95,"column":18}},"95":{"start":{"line":96,"column":0},"end":{"line":96,"column":57}},"96":{"start":{"line":97,"column":0},"end":{"line":97,"column":12}},"97":{"start":{"line":98,"column":0},"end":{"line":98,"column":23}},"98":{"start":{"line":99,"column":0},"end":{"line":99,"column":14}},"99":{"start":{"line":100,"column":0},"end":{"line":100,"column":22}},"100":{"start":{"line":101,"column":0},"end":{"line":101,"column":77}},"101":{"start":{"line":102,"column":0},"end":{"line":102,"column":20}},"102":{"start":{"line":103,"column":0},"end":{"line":103,"column":9}},"103":{"start":{"line":104,"column":0},"end":{"line":104,"column":8}},"104":{"start":{"line":105,"column":0},"end":{"line":105,"column":11}},"105":{"start":{"line":106,"column":0},"end":{"line":106,"column":3}},"107":{"start":{"line":108,"column":0},"end":{"line":108,"column":9}},"108":{"start":{"line":109,"column":0},"end":{"line":109,"column":1}},"116":{"start":{"line":117,"column":0},"end":{"line":117,"column":34}},"117":{"start":{"line":118,"column":0},"end":{"line":118,"column":26}},"118":{"start":{"line":119,"column":0},"end":{"line":119,"column":23}},"119":{"start":{"line":120,"column":0},"end":{"line":120,"column":31}},"120":{"start":{"line":121,"column":0},"end":{"line":121,"column":9}},"121":{"start":{"line":122,"column":0},"end":{"line":122,"column":32}},"123":{"start":{"line":124,"column":0},"end":{"line":124,"column":20}},"124":{"start":{"line":125,"column":0},"end":{"line":125,"column":38}},"125":{"start":{"line":126,"column":0},"end":{"line":126,"column":49}},"126":{"start":{"line":127,"column":0},"end":{"line":127,"column":68}},"127":{"start":{"line":128,"column":0},"end":{"line":128,"column":3}},"129":{"start":{"line":130,"column":0},"end":{"line":130,"column":9}},"130":{"start":{"line":131,"column":0},"end":{"line":131,"column":1}},"142":{"start":{"line":143,"column":0},"end":{"line":143,"column":52}},"143":{"start":{"line":144,"column":0},"end":{"line":144,"column":43}},"144":{"start":{"line":145,"column":0},"end":{"line":145,"column":1}},"149":{"start":{"line":150,"column":0},"end":{"line":150,"column":59}},"150":{"start":{"line":151,"column":0},"end":{"line":151,"column":78}},"151":{"start":{"line":152,"column":0},"end":{"line":152,"column":1}},"158":{"start":{"line":159,"column":0},"end":{"line":159,"column":88}},"159":{"start":{"line":160,"column":0},"end":{"line":160,"column":7}},"160":{"start":{"line":161,"column":0},"end":{"line":161,"column":79}},"161":{"start":{"line":162,"column":0},"end":{"line":162,"column":13}},"162":{"start":{"line":163,"column":0},"end":{"line":163,"column":7}},"164":{"start":{"line":165,"column":0},"end":{"line":165,"column":69}},"165":{"start":{"line":166,"column":0},"end":{"line":166,"column":11}},"166":{"start":{"line":167,"column":0},"end":{"line":167,"column":17}},"167":{"start":{"line":168,"column":0},"end":{"line":168,"column":3}},"168":{"start":{"line":169,"column":0},"end":{"line":169,"column":1}}},"s":{"1":1,"2":1,"37":1,"38":4,"39":4,"40":4,"41":4,"42":4,"44":4,"45":1,"46":1,"47":1,"48":1,"49":1,"50":1,"51":1,"52":1,"53":1,"54":1,"55":1,"56":1,"57":1,"60":3,"61":4,"62":4,"65":4,"66":4,"67":4,"68":4,"69":4,"70":4,"71":4,"72":4,"73":4,"74":4,"76":4,"77":4,"87":1,"88":2,"89":2,"90":2,"91":2,"92":2,"93":1,"94":1,"95":1,"96":1,"97":1,"98":1,"99":1,"100":1,"101":1,"102":1,"103":1,"104":1,"105":1,"107":1,"108":1,"116":1,"117":2,"118":2,"119":2,"120":2,"121":2,"123":2,"124":1,"125":1,"126":1,"127":1,"129":2,"130":2,"142":1,"143":1,"144":1,"149":1,"150":1,"151":1,"158":3,"159":3,"160":3,"161":3,"162":3,"164":2,"165":3,"166":1,"167":1,"168":3},"branchMap":{"0":{"type":"branch","line":38,"loc":{"start":{"line":38,"column":7},"end":{"line":78,"column":1}},"locations":[{"start":{"line":38,"column":7},"end":{"line":78,"column":1}}]},"1":{"type":"branch","line":45,"loc":{"start":{"line":45,"column":20},"end":{"line":58,"column":3}},"locations":[{"start":{"line":45,"column":20},"end":{"line":58,"column":3}}]},"2":{"type":"branch","line":58,"loc":{"start":{"line":58,"column":2},"end":{"line":62,"column":37}},"locations":[{"start":{"line":58,"column":2},"end":{"line":62,"column":37}}]},"3":{"type":"branch","line":62,"loc":{"start":{"line":62,"column":28},"end":{"line":62,"column":47}},"locations":[{"start":{"line":62,"column":28},"end":{"line":62,"column":47}}]},"4":{"type":"branch","line":69,"loc":{"start":{"line":69,"column":17},"end":{"line":69,"column":36}},"locations":[{"start":{"line":69,"column":17},"end":{"line":69,"column":36}}]},"5":{"type":"branch","line":71,"loc":{"start":{"line":71,"column":19},"end":{"line":71,"column":40}},"locations":[{"start":{"line":71,"column":19},"end":{"line":71,"column":40}}]},"6":{"type":"branch","line":88,"loc":{"start":{"line":88,"column":7},"end":{"line":109,"column":1}},"locations":[{"start":{"line":88,"column":7},"end":{"line":109,"column":1}}]},"7":{"type":"branch","line":93,"loc":{"start":{"line":93,"column":27},"end":{"line":109,"column":1}},"locations":[{"start":{"line":93,"column":27},"end":{"line":109,"column":1}}]},"8":{"type":"branch","line":117,"loc":{"start":{"line":117,"column":7},"end":{"line":131,"column":1}},"locations":[{"start":{"line":117,"column":7},"end":{"line":131,"column":1}}]},"9":{"type":"branch","line":124,"loc":{"start":{"line":124,"column":19},"end":{"line":128,"column":3}},"locations":[{"start":{"line":124,"column":19},"end":{"line":128,"column":3}}]},"10":{"type":"branch","line":126,"loc":{"start":{"line":126,"column":30},"end":{"line":126,"column":49}},"locations":[{"start":{"line":126,"column":30},"end":{"line":126,"column":49}}]},"11":{"type":"branch","line":143,"loc":{"start":{"line":143,"column":0},"end":{"line":145,"column":1}},"locations":[{"start":{"line":143,"column":0},"end":{"line":145,"column":1}}]},"12":{"type":"branch","line":150,"loc":{"start":{"line":150,"column":0},"end":{"line":152,"column":1}},"locations":[{"start":{"line":150,"column":0},"end":{"line":152,"column":1}}]},"13":{"type":"branch","line":159,"loc":{"start":{"line":159,"column":0},"end":{"line":169,"column":1}},"locations":[{"start":{"line":159,"column":0},"end":{"line":169,"column":1}}]},"14":{"type":"branch","line":163,"loc":{"start":{"line":163,"column":5},"end":{"line":166,"column":10}},"locations":[{"start":{"line":163,"column":5},"end":{"line":166,"column":10}}]},"15":{"type":"branch","line":166,"loc":{"start":{"line":166,"column":2},"end":{"line":168,"column":3}},"locations":[{"start":{"line":166,"column":2},"end":{"line":168,"column":3}}]},"16":{"type":"branch","line":165,"loc":{"start":{"line":165,"column":33},"end":{"line":165,"column":67}},"locations":[{"start":{"line":165,"column":33},"end":{"line":165,"column":67}}]}},"b":{"0":[4],"1":[1],"2":[3],"3":[1],"4":[1],"5":[1],"6":[2],"7":[1],"8":[2],"9":[1],"10":[0],"11":[1],"12":[1],"13":[3],"14":[2],"15":[1],"16":[2]},"fnMap":{"0":{"name":"clerkAuthMiddleware","decl":{"start":{"line":38,"column":7},"end":{"line":78,"column":1}},"loc":{"start":{"line":38,"column":7},"end":{"line":78,"column":1}},"line":38},"1":{"name":"requireOrgContext","decl":{"start":{"line":88,"column":7},"end":{"line":109,"column":1}},"loc":{"start":{"line":88,"column":7},"end":{"line":109,"column":1}},"line":88},"2":{"name":"optionalClerkAuth","decl":{"start":{"line":117,"column":7},"end":{"line":131,"column":1}},"loc":{"start":{"line":117,"column":7},"end":{"line":131,"column":1}},"line":117},"3":{"name":"getClerkUser","decl":{"start":{"line":143,"column":0},"end":{"line":145,"column":1}},"loc":{"start":{"line":143,"column":0},"end":{"line":145,"column":1}},"line":143},"4":{"name":"getClerkOrganization","decl":{"start":{"line":150,"column":0},"end":{"line":152,"column":1}},"loc":{"start":{"line":150,"column":0},"end":{"line":152,"column":1}},"line":150},"5":{"name":"isUserOrgMember","decl":{"start":{"line":159,"column":0},"end":{"line":169,"column":1}},"loc":{"start":{"line":159,"column":0},"end":{"line":169,"column":1}},"line":159}},"f":{"0":4,"1":2,"2":2,"3":1,"4":1,"5":3}}
}
